2023-04-17 19:50:02,401 DEBUG:Starting new HTTPS connection (1): crawler-test.com:443
2023-04-17 19:50:02,824 DEBUG:https://crawler-test.com:443 "GET / HTTP/1.1" 200 8129
2023-04-17 19:50:04,124 DEBUG:https://crawler-test.com:443 "GET / HTTP/1.1" 200 8129
2023-04-17 19:50:04,125 INFO:REQUEST TIME: 0.13
2023-04-17 19:50:04,305 INFO:SINGLE ITERATION TIME: 0.31
2023-04-17 19:50:04,406 DEBUG:https://crawler-test.com:443 "GET /mobile/separate_desktop HTTP/1.1" 200 None
2023-04-17 19:50:04,407 INFO:REQUEST TIME: 0.1
2023-04-17 19:50:04,409 INFO:SINGLE ITERATION TIME: 0.1
2023-04-17 19:50:04,506 DEBUG:https://crawler-test.com:443 "GET /mobile/desktop_with_AMP_as_mobile HTTP/1.1" 200 1136
2023-04-17 19:50:04,507 INFO:REQUEST TIME: 0.1
2023-04-17 19:50:04,509 INFO:SINGLE ITERATION TIME: 0.1
2023-04-17 19:50:04,607 DEBUG:https://crawler-test.com:443 "GET /mobile/separate_desktop_with_different_h1 HTTP/1.1" 200 1135
2023-04-17 19:50:04,608 INFO:REQUEST TIME: 0.1
2023-04-17 19:50:04,610 INFO:SINGLE ITERATION TIME: 0.1
2023-04-17 19:50:04,707 DEBUG:https://crawler-test.com:443 "GET /mobile/separate_desktop_with_different_title HTTP/1.1" 200 1129
2023-04-17 19:50:04,708 INFO:REQUEST TIME: 0.1
2023-04-17 19:50:04,710 INFO:SINGLE ITERATION TIME: 0.1
2023-04-17 19:50:04,809 DEBUG:https://crawler-test.com:443 "GET /mobile/separate_desktop_with_different_wordcount HTTP/1.1" 200 1067
2023-04-17 19:50:04,810 INFO:REQUEST TIME: 0.1
2023-04-17 19:50:04,812 INFO:SINGLE ITERATION TIME: 0.1
2023-04-17 19:50:04,909 DEBUG:https://crawler-test.com:443 "GET /mobile/separate_desktop_with_different_links_in HTTP/1.1" 200 1139
2023-04-17 19:50:04,910 INFO:REQUEST TIME: 0.1
2023-04-17 19:50:04,912 INFO:SINGLE ITERATION TIME: 0.1
2023-04-17 19:50:05,009 DEBUG:https://crawler-test.com:443 "GET /mobile/separate_desktop_with_different_links_out HTTP/1.1" 200 1056
2023-04-17 19:50:05,010 INFO:REQUEST TIME: 0.1
2023-04-17 19:50:05,012 INFO:SINGLE ITERATION TIME: 0.1
2023-04-17 19:50:05,112 DEBUG:https://crawler-test.com:443 "GET /mobile/separate_desktop_with_mobile_not_subdomain HTTP/1.1" 200 1133
2023-04-17 19:50:05,113 INFO:REQUEST TIME: 0.1
2023-04-17 19:50:05,115 INFO:SINGLE ITERATION TIME: 0.1
2023-04-17 19:50:05,214 DEBUG:https://crawler-test.com:443 "GET /mobile/desktop_with_self_canonical_mobile_and_amp HTTP/1.1" 200 1164
2023-04-17 19:50:05,215 INFO:REQUEST TIME: 0.1
2023-04-17 19:50:05,217 INFO:SINGLE ITERATION TIME: 0.1
2023-04-17 19:50:05,313 DEBUG:https://crawler-test.com:443 "GET /mobile/separate_mobile_with_mobile_not_subdomain HTTP/1.1" 200 1091
2023-04-17 19:50:05,314 INFO:REQUEST TIME: 0.1
2023-04-17 19:50:05,316 INFO:SINGLE ITERATION TIME: 0.1
2023-04-17 19:50:05,417 DEBUG:https://crawler-test.com:443 "GET /mobile/dynamic HTTP/1.1" 200 1090
2023-04-17 19:50:05,418 INFO:REQUEST TIME: 0.1
2023-04-17 19:50:05,420 INFO:SINGLE ITERATION TIME: 0.1
2023-04-17 19:50:05,518 DEBUG:https://crawler-test.com:443 "GET /mobile/responsive HTTP/1.1" 200 1059
2023-04-17 19:50:05,519 INFO:REQUEST TIME: 0.1
2023-04-17 19:50:05,521 INFO:SINGLE ITERATION TIME: 0.1
2023-04-17 19:50:05,618 DEBUG:https://crawler-test.com:443 "GET /mobile/no_mobile_configuration HTTP/1.1" 200 1023
2023-04-17 19:50:05,619 INFO:REQUEST TIME: 0.1
2023-04-17 19:50:05,621 INFO:SINGLE ITERATION TIME: 0.1
2023-04-17 19:50:05,719 DEBUG:https://crawler-test.com:443 "GET /mobile/other_desktop_that_links_to_the_same_mobile_pages HTTP/1.1" 200 1137
2023-04-17 19:50:05,719 INFO:REQUEST TIME: 0.1
2023-04-17 19:50:05,721 INFO:SINGLE ITERATION TIME: 0.1
2023-04-17 19:50:05,814 DEBUG:https://crawler-test.com:443 "GET /mobile/amp_with_separate_mobile HTTP/1.1" 200 375
2023-04-17 19:50:05,815 INFO:REQUEST TIME: 0.09
2023-04-17 19:50:05,913 DEBUG:https://crawler-test.com:443 "GET /mobile/responsive_with_amp HTTP/1.1" 200 1128
2023-04-17 19:50:05,914 INFO:REQUEST TIME: 0.1
2023-04-17 19:50:05,916 INFO:SINGLE ITERATION TIME: 0.1
2023-04-17 19:50:06,007 DEBUG:https://crawler-test.com:443 "GET /mobile/amp_with_responsive HTTP/1.1" 200 318
2023-04-17 19:50:06,008 INFO:REQUEST TIME: 0.09
2023-04-17 19:50:06,106 DEBUG:https://crawler-test.com:443 "GET /mobile/no_mobile_with_amp HTTP/1.1" 200 1084
2023-04-17 19:50:06,107 INFO:REQUEST TIME: 0.1
2023-04-17 19:50:06,109 INFO:SINGLE ITERATION TIME: 0.1
2023-04-17 19:50:06,200 DEBUG:https://crawler-test.com:443 "GET /mobile/amp_with_no_mobile HTTP/1.1" 200 214
2023-04-17 19:50:06,201 INFO:REQUEST TIME: 0.09
2023-04-17 19:50:06,299 DEBUG:https://crawler-test.com:443 "GET /mobile/amp_no_references HTTP/1.1" 200 1059
2023-04-17 19:50:06,300 INFO:REQUEST TIME: 0.1
2023-04-17 19:50:06,302 INFO:SINGLE ITERATION TIME: 0.1
2023-04-17 19:50:06,393 DEBUG:https://crawler-test.com:443 "GET /mobile/amp_as_desktop_amp_and_mobile HTTP/1.1" 200 378
2023-04-17 19:50:06,394 INFO:REQUEST TIME: 0.09
2023-04-17 19:50:06,485 DEBUG:https://crawler-test.com:443 "GET /mobile/separate_amp_with_self_canonical HTTP/1.1" 200 342
2023-04-17 19:50:06,486 INFO:REQUEST TIME: 0.09
2023-04-17 19:50:06,585 DEBUG:https://crawler-test.com:443 "GET /mobile/separate_desktop_irregular_media HTTP/1.1" 200 1096
2023-04-17 19:50:06,586 INFO:REQUEST TIME: 0.1
2023-04-17 19:50:06,588 INFO:SINGLE ITERATION TIME: 0.1
2023-04-17 19:50:06,684 DEBUG:https://crawler-test.com:443 "GET /mobile/separate_desktop_response_header_alt HTTP/1.1" 200 1017
2023-04-17 19:50:06,685 INFO:REQUEST TIME: 0.1
2023-04-17 19:50:06,687 INFO:SINGLE ITERATION TIME: 0.1
2023-04-17 19:50:06,784 DEBUG:https://crawler-test.com:443 "GET /description_tags/description_with_whitespace HTTP/1.1" 200 886
2023-04-17 19:50:06,785 INFO:REQUEST TIME: 0.1
2023-04-17 19:50:06,787 INFO:SINGLE ITERATION TIME: 0.1
2023-04-17 19:50:06,885 DEBUG:https://crawler-test.com:443 "GET /description_tags/missing_description HTTP/1.1" 200 849
2023-04-17 19:50:06,886 INFO:REQUEST TIME: 0.1
2023-04-17 19:50:06,888 INFO:SINGLE ITERATION TIME: 0.1
2023-04-17 19:50:06,987 DEBUG:https://crawler-test.com:443 "GET /description_tags/no_description_nosnippet HTTP/1.1" 200 881
2023-04-17 19:50:06,988 INFO:REQUEST TIME: 0.1
2023-04-17 19:50:06,990 INFO:SINGLE ITERATION TIME: 0.1
2023-04-17 19:50:07,088 DEBUG:https://crawler-test.com:443 "GET /description_tags/duplicate_description HTTP/1.1" 200 855
2023-04-17 19:50:07,089 INFO:REQUEST TIME: 0.1
2023-04-17 19:50:07,091 INFO:SINGLE ITERATION TIME: 0.1
2023-04-17 19:50:07,188 DEBUG:https://crawler-test.com:443 "GET /description_tags/duplicate_description/foo HTTP/1.1" 200 859
2023-04-17 19:50:07,189 INFO:REQUEST TIME: 0.1
2023-04-17 19:50:07,191 INFO:SINGLE ITERATION TIME: 0.1
2023-04-17 19:50:07,288 DEBUG:https://crawler-test.com:443 "GET /description_tags/duplicate_description_and_noindex HTTP/1.1" 200 873
2023-04-17 19:50:07,289 INFO:REQUEST TIME: 0.1
2023-04-17 19:50:07,291 INFO:SINGLE ITERATION TIME: 0.1
2023-04-17 19:50:07,389 DEBUG:https://crawler-test.com:443 "GET /description_tags/duplicate_description_and_noindex/foo HTTP/1.1" 200 872
2023-04-17 19:50:07,390 INFO:REQUEST TIME: 0.1
2023-04-17 19:50:07,392 INFO:SINGLE ITERATION TIME: 0.1
2023-04-17 19:50:07,499 DEBUG:https://crawler-test.com:443 "GET /description_tags/description_over_max HTTP/1.1" 200 859
2023-04-17 19:50:07,500 INFO:REQUEST TIME: 0.11
2023-04-17 19:50:07,502 INFO:SINGLE ITERATION TIME: 0.11
2023-04-17 19:50:07,598 DEBUG:https://crawler-test.com:443 "GET /description_tags/short_meta_description HTTP/1.1" 200 854
2023-04-17 19:50:07,599 INFO:REQUEST TIME: 0.1
2023-04-17 19:50:07,601 INFO:SINGLE ITERATION TIME: 0.1
2023-04-17 19:50:07,697 DEBUG:https://crawler-test.com:443 "GET /description_tags/description_http_equiv HTTP/1.1" 200 857
2023-04-17 19:50:07,698 INFO:REQUEST TIME: 0.1
2023-04-17 19:50:07,700 INFO:SINGLE ITERATION TIME: 0.1
2023-04-17 19:50:07,797 DEBUG:https://crawler-test.com:443 "GET /encoding/page_titles_character_encoded HTTP/1.1" 200 887
2023-04-17 19:50:07,798 INFO:REQUEST TIME: 0.1
2023-04-17 19:50:07,801 INFO:SINGLE ITERATION TIME: 0.1
2023-04-17 19:50:07,900 DEBUG:https://crawler-test.com:443 "GET /encoding/url_with_foreign_characters/%D7%91%D7%9C%D7%94%D7%91%D7%9C%D7%94 HTTP/1.1" 200 889
2023-04-17 19:50:07,901 INFO:REQUEST TIME: 0.1
2023-04-17 19:50:07,903 INFO:SINGLE ITERATION TIME: 0.1
2023-04-17 19:50:08,014 DEBUG:https://crawler-test.com:443 "GET /encoding/url_with_foreign_characters/%E3%81%99%E3%81%B9%E3%81%A6%E3%81%AE%E5%8D%98%E8%AA%9E%E3%81%8C%E9%AB%98%E6%A0%A1%E7%A8%8B%E5%BA%A6%E3%81%AE%E8%BE%9E%E6%9B%B8%E3%81%AB%E8%BC%89%E3%81%A3%E3%81%A6%E3%81%84%E3%82%8B HTTP/1.1" 200 965
2023-04-17 19:50:08,015 INFO:REQUEST TIME: 0.11
2023-04-17 19:50:08,017 INFO:SINGLE ITERATION TIME: 0.11
2023-04-17 19:50:08,115 DEBUG:https://crawler-test.com:443 "GET /encoding/url_with_foreign_characters/pchn%C4%85%C4%87-w-t%C4%99-%C5%82%C3%B3d%C5%BA-je%C5%BCa-lub-o%C5%9Bm-skrzy%C5%84-fig HTTP/1.1" 200 932
2023-04-17 19:50:08,116 INFO:REQUEST TIME: 0.1
2023-04-17 19:50:08,118 INFO:SINGLE ITERATION TIME: 0.1
2023-04-17 19:50:08,217 DEBUG:https://crawler-test.com:443 "GET /encoding/url_with_foreign_characters/%D0%A8%D0%B5%D1%84-%D0%B2%D0%B7%D1%8A%D1%8F%D1%80%D1%91%D0%BD-%D1%82%D1%87%D0%BA-%D1%89%D0%B8%D0%BF%D1%86%D1%8B-%D1%81-%D1%8D%D1%85%D0%BE%D0%BC-%D0%B3%D1%83%D0%B4%D0%B1%D0%B0%D0%B9-%D0%96%D1%8E%D0%BB%D1%8C HTTP/1.1" 200 972
2023-04-17 19:50:08,218 INFO:REQUEST TIME: 0.1
2023-04-17 19:50:08,220 INFO:SINGLE ITERATION TIME: 0.1
2023-04-17 19:50:08,317 DEBUG:https://crawler-test.com:443 "GET /encoding/url_with_foreign_characters/Zw%C3%B6lf-gro%C3%9Fe-Boxk%C3%A4mpfer-jagen-Viktor-quer-%C3%BCber-den-Sylter-Deich HTTP/1.1" 200 933
2023-04-17 19:50:08,317 INFO:REQUEST TIME: 0.1
2023-04-17 19:50:08,319 INFO:SINGLE ITERATION TIME: 0.1
2023-04-17 19:50:08,415 DEBUG:https://crawler-test.com:443 "GET /encoding/url_with_foreign_characters/Fabio-me-exige-sin-tapujos-que-a%C3%B1ada-cerveza-al-whisky HTTP/1.1" 200 916
2023-04-17 19:50:08,416 INFO:REQUEST TIME: 0.1
2023-04-17 19:50:08,418 INFO:SINGLE ITERATION TIME: 0.1
2023-04-17 19:50:08,545 DEBUG:https://crawler-test.com:443 "GET /encoding/url_with_foreign_characters/%EF%B4%BF%D9%85%D8%AD%D9%85%D8%AF-%D8%B1%D8%B3%D9%88%D9%84-%D8%A7%D9%84%D9%84%D9%87-%D9%88%D8%A7%D9%84%D8%B0%D9%8A%D9%86-%D9%85%D8%B9%D9%87-%D8%A3%D8%B4%D8%AF%D8%A7%D8%A1 HTTP/1.1" 200 950
2023-04-17 19:50:08,546 INFO:REQUEST TIME: 0.13
2023-04-17 19:50:08,547 INFO:SINGLE ITERATION TIME: 0.13
2023-04-17 19:50:08,649 DEBUG:https://crawler-test.com:443 "GET /encoding/url_with_foreign_characters/%CE%B3%CF%81%CE%AC%CE%BC%CE%BC%CE%B1%CF%84%CE%B1-%CF%84%CE%BF%CF%85-%CE%B9%CF%83%CF%80%CE%B1%CE%BD%CE%B9%CE%BA%CE%BF%CF%8D-%CE%B1%CE%BB%CF%86%CE%B1%CE%B2%CE%AE%CF%84%CE%BF%CF%85-%CE%BA%CE%B1%CE%B8%CF%8E%CF%82 HTTP/1.1" 200 953
2023-04-17 19:50:08,650 INFO:REQUEST TIME: 0.1
2023-04-17 19:50:08,652 INFO:SINGLE ITERATION TIME: 0.1
2023-04-17 19:50:08,750 DEBUG:https://crawler-test.com:443 "GET /encoding/url_with_foreign_characters/as%C3%B8d-%C3%A6ada-%C3%A5djghf-g%C3%A4gfd-as%C3%B6dsads HTTP/1.1" 200 911
2023-04-17 19:50:08,751 INFO:REQUEST TIME: 0.1
2023-04-17 19:50:08,752 INFO:SINGLE ITERATION TIME: 0.1
2023-04-17 19:50:08,852 DEBUG:https://crawler-test.com:443 "GET /encoding/double_encoded_url/Zw%25C3%25B6lf-gro%25C3%259Fe-Boxk%25C3%25A4mpfer-jagen-Viktor-quer-%25C3%25BCber-den-Sylter-Deich HTTP/1.1" 200 925
2023-04-17 19:50:08,853 INFO:REQUEST TIME: 0.1
2023-04-17 19:50:08,855 INFO:SINGLE ITERATION TIME: 0.1
2023-04-17 19:50:08,951 DEBUG:https://crawler-test.com:443 "GET /encoding/inconsistent_character_encoding HTTP/1.1" 200 206
2023-04-17 19:50:08,952 INFO:REQUEST TIME: 0.1
2023-04-17 19:50:09,051 DEBUG:https://crawler-test.com:443 "GET /encoding/url/encoded_hashbang%23abc HTTP/1.1" 200 863
2023-04-17 19:50:09,053 INFO:REQUEST TIME: 0.1
2023-04-17 19:50:09,055 INFO:SINGLE ITERATION TIME: 0.1
2023-04-17 19:50:09,151 DEBUG:https://crawler-test.com:443 "GET /titles/title_with_whitespace HTTP/1.1" 200 882
2023-04-17 19:50:09,152 INFO:REQUEST TIME: 0.1
2023-04-17 19:50:09,154 INFO:SINGLE ITERATION TIME: 0.1
2023-04-17 19:50:09,251 DEBUG:https://crawler-test.com:443 "GET /titles/empty_title HTTP/1.1" 200 848
2023-04-17 19:50:09,252 INFO:REQUEST TIME: 0.1
2023-04-17 19:50:09,254 INFO:SINGLE ITERATION TIME: 0.1
2023-04-17 19:50:09,352 DEBUG:https://crawler-test.com:443 "GET /titles/missing_title HTTP/1.1" 200 849
2023-04-17 19:50:09,353 INFO:REQUEST TIME: 0.1
2023-04-17 19:50:09,354 INFO:SINGLE ITERATION TIME: 0.1
2023-04-17 19:50:09,451 DEBUG:https://crawler-test.com:443 "GET /titles/duplicate_title HTTP/1.1" 200 858
2023-04-17 19:50:09,452 INFO:REQUEST TIME: 0.1
2023-04-17 19:50:09,454 INFO:SINGLE ITERATION TIME: 0.1
2023-04-17 19:50:09,552 DEBUG:https://crawler-test.com:443 "GET /titles/duplicate_title/foo HTTP/1.1" 200 861
2023-04-17 19:50:09,553 INFO:REQUEST TIME: 0.1
2023-04-17 19:50:09,555 INFO:SINGLE ITERATION TIME: 0.1
2023-04-17 19:50:09,652 DEBUG:https://crawler-test.com:443 "GET /titles/duplicate_title/bar HTTP/1.1" 200 858
2023-04-17 19:50:09,653 INFO:REQUEST TIME: 0.1
2023-04-17 19:50:09,655 INFO:SINGLE ITERATION TIME: 0.1
2023-04-17 19:50:09,752 DEBUG:https://crawler-test.com:443 "GET /titles/duplicate_title/baz HTTP/1.1" 200 858
2023-04-17 19:50:09,753 INFO:REQUEST TIME: 0.1
2023-04-17 19:50:09,755 INFO:SINGLE ITERATION TIME: 0.1
2023-04-17 19:50:09,852 DEBUG:https://crawler-test.com:443 "GET /titles/duplicate_title_and_noindex/bat HTTP/1.1" 200 875
2023-04-17 19:50:09,853 INFO:REQUEST TIME: 0.1
2023-04-17 19:50:09,855 INFO:SINGLE ITERATION TIME: 0.1
2023-04-17 19:50:09,953 DEBUG:https://crawler-test.com:443 "GET /titles/duplicate_title_and_noindex/bak HTTP/1.1" 200 874
2023-04-17 19:50:09,954 INFO:REQUEST TIME: 0.1
2023-04-17 19:50:09,956 INFO:SINGLE ITERATION TIME: 0.1
2023-04-17 19:50:10,052 DEBUG:https://crawler-test.com:443 "GET /titles/title_over_max HTTP/1.1" 200 854
2023-04-17 19:50:10,053 INFO:REQUEST TIME: 0.1
2023-04-17 19:50:10,054 INFO:SINGLE ITERATION TIME: 0.1
2023-04-17 19:50:10,154 DEBUG:https://crawler-test.com:443 "GET /titles/title_warning HTTP/1.1" 200 890
2023-04-17 19:50:10,155 INFO:REQUEST TIME: 0.1
2023-04-17 19:50:10,157 INFO:SINGLE ITERATION TIME: 0.1
2023-04-17 19:50:10,257 DEBUG:https://crawler-test.com:443 "GET /titles/page_title_length_n HTTP/1.1" 200 1100
2023-04-17 19:50:10,258 INFO:REQUEST TIME: 0.1
2023-04-17 19:50:10,261 INFO:SINGLE ITERATION TIME: 0.1
2023-04-17 19:50:10,360 DEBUG:https://crawler-test.com:443 "GET /titles/page_title_width_n HTTP/1.1" 200 964
2023-04-17 19:50:10,360 INFO:REQUEST TIME: 0.1
2023-04-17 19:50:10,363 INFO:SINGLE ITERATION TIME: 0.1
2023-04-17 19:50:10,460 DEBUG:https://crawler-test.com:443 "GET /titles/page_title_leading_trailing_spaces HTTP/1.1" 200 884
2023-04-17 19:50:10,461 INFO:REQUEST TIME: 0.1
2023-04-17 19:50:10,462 INFO:SINGLE ITERATION TIME: 0.1
2023-04-17 19:50:10,559 DEBUG:https://crawler-test.com:443 "GET /titles/double_triple_quadruple_spaces HTTP/1.1" 200 872
2023-04-17 19:50:10,560 INFO:REQUEST TIME: 0.1
2023-04-17 19:50:10,562 INFO:SINGLE ITERATION TIME: 0.1
2023-04-17 19:50:10,658 DEBUG:https://crawler-test.com:443 "GET /titles/svg_title HTTP/1.1" 200 1227
2023-04-17 19:50:10,659 INFO:REQUEST TIME: 0.1
2023-04-17 19:50:10,662 INFO:SINGLE ITERATION TIME: 0.1
2023-04-17 19:50:10,761 DEBUG:https://crawler-test.com:443 "GET /titles/forced_double_triple_quadruple_spaces HTTP/1.1" 200 890
2023-04-17 19:50:10,761 INFO:REQUEST TIME: 0.1
2023-04-17 19:50:10,763 INFO:SINGLE ITERATION TIME: 0.1
2023-04-17 19:50:10,861 DEBUG:https://crawler-test.com:443 "GET /robots_protocol/robots_excluded HTTP/1.1" 200 914
2023-04-17 19:50:10,862 INFO:REQUEST TIME: 0.1
2023-04-17 19:50:10,864 INFO:SINGLE ITERATION TIME: 0.1
2023-04-17 19:50:10,962 DEBUG:https://crawler-test.com:443 "GET /robots_protocol/deepcrawl_excluded HTTP/1.1" 200 892
2023-04-17 19:50:10,963 INFO:REQUEST TIME: 0.1
2023-04-17 19:50:10,965 INFO:SINGLE ITERATION TIME: 0.1
2023-04-17 19:50:11,065 DEBUG:https://crawler-test.com:443 "GET /robots_protocol/robots_excluded_duplicate_description HTTP/1.1" 200 874
2023-04-17 19:50:11,066 INFO:REQUEST TIME: 0.1
2023-04-17 19:50:11,068 INFO:SINGLE ITERATION TIME: 0.1
2023-04-17 19:50:11,168 DEBUG:https://crawler-test.com:443 "GET /robots_protocol/robots_excluded_meta_noindex HTTP/1.1" 200 893
2023-04-17 19:50:11,169 INFO:REQUEST TIME: 0.1
2023-04-17 19:50:11,171 INFO:SINGLE ITERATION TIME: 0.1
2023-04-17 19:50:11,263 DEBUG:https://crawler-test.com:443 "GET /robots_protocol/deepcrawl_ua_disallow/foo HTTP/1.1" 404 20
2023-04-17 19:50:11,264 INFO:REQUEST TIME: 0.09
2023-04-17 19:50:11,370 DEBUG:https://crawler-test.com:443 "GET /robots_protocol/user_excluded HTTP/1.1" 200 907
2023-04-17 19:50:11,371 INFO:REQUEST TIME: 0.11
2023-04-17 19:50:11,373 INFO:SINGLE ITERATION TIME: 0.11
2023-04-17 19:50:11,474 DEBUG:https://crawler-test.com:443 "GET /robots_protocol/meta_nofollow HTTP/1.1" 200 911
2023-04-17 19:50:11,475 INFO:REQUEST TIME: 0.1
2023-04-17 19:50:11,477 INFO:SINGLE ITERATION TIME: 0.1
2023-04-17 19:50:11,577 DEBUG:https://crawler-test.com:443 "GET /robots_protocol/meta_noarchive HTTP/1.1" 200 874
2023-04-17 19:50:11,578 INFO:REQUEST TIME: 0.1
2023-04-17 19:50:11,580 INFO:SINGLE ITERATION TIME: 0.1
2023-04-17 19:50:11,678 DEBUG:https://crawler-test.com:443 "GET /robots_protocol/meta_noindex HTTP/1.1" 200 870
2023-04-17 19:50:11,679 INFO:REQUEST TIME: 0.1
2023-04-17 19:50:11,682 INFO:SINGLE ITERATION TIME: 0.1
2023-04-17 19:50:11,780 DEBUG:https://crawler-test.com:443 "GET /robots_protocol/meta_noindex_uppercase HTTP/1.1" 200 897
2023-04-17 19:50:11,781 INFO:REQUEST TIME: 0.1
2023-04-17 19:50:11,783 INFO:SINGLE ITERATION TIME: 0.1
2023-04-17 19:50:11,882 DEBUG:https://crawler-test.com:443 "GET /robots_protocol/x_robots_tag_noindex HTTP/1.1" 200 862
2023-04-17 19:50:11,883 INFO:REQUEST TIME: 0.1
2023-04-17 19:50:11,885 INFO:SINGLE ITERATION TIME: 0.1
2023-04-17 19:50:11,984 DEBUG:https://crawler-test.com:443 "GET /robots_protocol/page_allowed_with_robots HTTP/1.1" 200 867
2023-04-17 19:50:11,985 INFO:REQUEST TIME: 0.1
2023-04-17 19:50:11,987 INFO:SINGLE ITERATION TIME: 0.1
2023-04-17 19:50:12,084 DEBUG:https://crawler-test.com:443 "GET /robots_protocol/robots_noindexed HTTP/1.1" 200 860
2023-04-17 19:50:12,084 INFO:REQUEST TIME: 0.1
2023-04-17 19:50:12,086 INFO:SINGLE ITERATION TIME: 0.1
2023-04-17 19:50:12,185 DEBUG:https://crawler-test.com:443 "GET /robots_protocol/robots_noindex_conflict HTTP/1.1" 200 877
2023-04-17 19:50:12,186 INFO:REQUEST TIME: 0.1
2023-04-17 19:50:12,188 INFO:SINGLE ITERATION TIME: 0.1
2023-04-17 19:50:12,340 DEBUG:https://crawler-test.com:443 "GET /robots_protocol/robots_excluded_blank_line HTTP/1.1" 200 910
2023-04-17 19:50:12,341 INFO:REQUEST TIME: 0.15
2023-04-17 19:50:12,343 INFO:SINGLE ITERATION TIME: 0.16
2023-04-17 19:50:12,440 DEBUG:https://crawler-test.com:443 "GET /robots_protocol/robots_noindexed_and_robots_disallowed HTTP/1.1" 200 875
2023-04-17 19:50:12,441 INFO:REQUEST TIME: 0.1
2023-04-17 19:50:12,443 INFO:SINGLE ITERATION TIME: 0.1
2023-04-17 19:50:12,541 DEBUG:https://crawler-test.com:443 "GET /robots_protocol/allowed_same_length HTTP/1.1" 200 863
2023-04-17 19:50:12,542 INFO:REQUEST TIME: 0.1
2023-04-17 19:50:12,544 INFO:SINGLE ITERATION TIME: 0.1
2023-04-17 19:50:12,641 DEBUG:https://crawler-test.com:443 "GET /robots_protocol/allowed_shorter HTTP/1.1" 200 861
2023-04-17 19:50:12,642 INFO:REQUEST TIME: 0.1
2023-04-17 19:50:12,644 INFO:SINGLE ITERATION TIME: 0.1
2023-04-17 19:50:12,742 DEBUG:https://crawler-test.com:443 "GET /robots_protocol/allowed_longer HTTP/1.1" 200 860
2023-04-17 19:50:12,743 INFO:REQUEST TIME: 0.1
2023-04-17 19:50:12,744 INFO:SINGLE ITERATION TIME: 0.1
2023-04-17 19:50:12,841 DEBUG:https://crawler-test.com:443 "GET /robots_protocol/meta_robots_and_x_robots_conflict HTTP/1.1" 200 879
2023-04-17 19:50:12,842 INFO:REQUEST TIME: 0.1
2023-04-17 19:50:12,844 INFO:SINGLE ITERATION TIME: 0.1
2023-04-17 19:50:12,941 DEBUG:https://crawler-test.com:443 "GET /robots_protocol/robots_meta_none HTTP/1.1" 200 872
2023-04-17 19:50:12,941 INFO:REQUEST TIME: 0.1
2023-04-17 19:50:12,943 INFO:SINGLE ITERATION TIME: 0.1
2023-04-17 19:50:13,041 DEBUG:https://crawler-test.com:443 "GET /robots_protocol/robots_meta_noodp_noydir_none_noindex HTTP/1.1" 200 897
2023-04-17 19:50:13,042 INFO:REQUEST TIME: 0.1
2023-04-17 19:50:13,044 INFO:SINGLE ITERATION TIME: 0.1
2023-04-17 19:50:13,141 DEBUG:https://crawler-test.com:443 "GET /robots_protocol/robots_meta_multiple_tags_noindex_nofollow HTTP/1.1" 200 926
2023-04-17 19:50:13,142 INFO:REQUEST TIME: 0.1
2023-04-17 19:50:13,144 INFO:SINGLE ITERATION TIME: 0.1
2023-04-17 19:50:13,241 DEBUG:https://crawler-test.com:443 "GET /robots_protocol/x_robots_multiple_directives HTTP/1.1" 200 872
2023-04-17 19:50:13,242 INFO:REQUEST TIME: 0.1
2023-04-17 19:50:13,244 INFO:SINGLE ITERATION TIME: 0.1
2023-04-17 19:50:13,343 DEBUG:https://crawler-test.com:443 "GET /robots_protocol/multiple_robots_directive_meta_tag HTTP/1.1" 200 915
2023-04-17 19:50:13,344 INFO:REQUEST TIME: 0.1
2023-04-17 19:50:13,345 INFO:SINGLE ITERATION TIME: 0.1
2023-04-17 19:50:13,442 DEBUG:https://crawler-test.com:443 "GET /robots_protocol/multiple_googlebot_directive_meta_tag HTTP/1.1" 200 914
2023-04-17 19:50:13,443 INFO:REQUEST TIME: 0.1
2023-04-17 19:50:13,445 INFO:SINGLE ITERATION TIME: 0.1
2023-04-17 19:50:13,535 DEBUG:https://crawler-test.com:443 "GET /robots_protocol/non_200_with_noindex HTTP/1.1" 404 122
2023-04-17 19:50:13,536 INFO:REQUEST TIME: 0.09
2023-04-17 19:50:13,634 DEBUG:https://crawler-test.com:443 "GET /robots_protocol/canonicalised_with_noindex HTTP/1.1" 200 907
2023-04-17 19:50:13,635 INFO:REQUEST TIME: 0.1
2023-04-17 19:50:13,637 INFO:SINGLE ITERATION TIME: 0.1
2023-04-17 19:50:13,728 DEBUG:https://crawler-test.com:443 "GET /robots_protocol/canonicalised_with_non_200 HTTP/1.1" 404 140
2023-04-17 19:50:13,728 INFO:REQUEST TIME: 0.09
2023-04-17 19:50:13,821 DEBUG:https://crawler-test.com:443 "GET /redirects/redirect_1 HTTP/1.1" 301 20
2023-04-17 19:50:13,920 DEBUG:https://crawler-test.com:443 "GET /redirects/redirect_target HTTP/1.1" 200 859
2023-04-17 19:50:13,921 INFO:REQUEST TIME: 0.19
2023-04-17 19:50:13,923 INFO:SINGLE ITERATION TIME: 0.19
2023-04-17 19:50:14,015 DEBUG:https://crawler-test.com:443 "GET /redirects/redirect_2 HTTP/1.1" 301 20
2023-04-17 19:50:14,106 DEBUG:https://crawler-test.com:443 "GET /redirects/redirect_1 HTTP/1.1" 301 20
2023-04-17 19:50:14,203 DEBUG:https://crawler-test.com:443 "GET /redirects/redirect_target HTTP/1.1" 200 859
2023-04-17 19:50:14,204 INFO:REQUEST TIME: 0.28
2023-04-17 19:50:14,206 INFO:SINGLE ITERATION TIME: 0.28
2023-04-17 19:50:14,297 DEBUG:https://crawler-test.com:443 "GET /redirects/redirect_3_302 HTTP/1.1" 302 20
2023-04-17 19:50:14,389 DEBUG:https://crawler-test.com:443 "GET /redirects/redirect_2 HTTP/1.1" 301 20
2023-04-17 19:50:14,480 DEBUG:https://crawler-test.com:443 "GET /redirects/redirect_1 HTTP/1.1" 301 20
2023-04-17 19:50:14,585 DEBUG:https://crawler-test.com:443 "GET /redirects/redirect_target HTTP/1.1" 200 859
2023-04-17 19:50:14,586 INFO:REQUEST TIME: 0.38
2023-04-17 19:50:14,588 INFO:SINGLE ITERATION TIME: 0.38
2023-04-17 19:50:14,678 DEBUG:https://crawler-test.com:443 "GET /redirects/redirect_4_307 HTTP/1.1" 307 20
2023-04-17 19:50:14,775 DEBUG:https://crawler-test.com:443 "GET /redirects/redirect_target HTTP/1.1" 200 859
2023-04-17 19:50:14,776 INFO:REQUEST TIME: 0.19
2023-04-17 19:50:14,778 INFO:SINGLE ITERATION TIME: 0.19
2023-04-17 19:50:14,868 DEBUG:https://crawler-test.com:443 "GET /redirects/disallowed_redirect HTTP/1.1" 301 20
2023-04-17 19:50:14,964 DEBUG:https://crawler-test.com:443 "GET /redirects/redirect_target HTTP/1.1" 200 859
2023-04-17 19:50:14,965 INFO:REQUEST TIME: 0.19
2023-04-17 19:50:14,967 INFO:SINGLE ITERATION TIME: 0.19
2023-04-17 19:50:15,058 DEBUG:https://crawler-test.com:443 "GET /redirects/redirect_chain_allowed HTTP/1.1" 301 20
2023-04-17 19:50:15,151 DEBUG:https://crawler-test.com:443 "GET /redirects/redirect_chain_disallowed HTTP/1.1" 301 20
2023-04-17 19:50:15,250 DEBUG:https://crawler-test.com:443 "GET /redirects/redirect_target HTTP/1.1" 200 859
2023-04-17 19:50:15,251 INFO:REQUEST TIME: 0.28
2023-04-17 19:50:15,252 INFO:SINGLE ITERATION TIME: 0.29
2023-04-17 19:50:15,343 DEBUG:https://crawler-test.com:443 "GET /redirects/disallowed_redirect_target_redirect HTTP/1.1" 301 20
2023-04-17 19:50:15,444 DEBUG:https://crawler-test.com:443 "GET /redirects/disallowed_redirect_target HTTP/1.1" 200 868
2023-04-17 19:50:15,445 INFO:REQUEST TIME: 0.19
2023-04-17 19:50:15,447 INFO:SINGLE ITERATION TIME: 0.19
2023-04-17 19:50:15,538 DEBUG:https://crawler-test.com:443 "GET /redirects/infinite_redirect HTTP/1.1" 302 20
2023-04-17 19:50:15,629 DEBUG:https://crawler-test.com:443 "GET /redirects/infinite_redirect HTTP/1.1" 302 20
2023-04-17 19:50:15,721 DEBUG:https://crawler-test.com:443 "GET /redirects/infinite_redirect HTTP/1.1" 302 20
2023-04-17 19:50:15,813 DEBUG:https://crawler-test.com:443 "GET /redirects/infinite_redirect HTTP/1.1" 302 20
2023-04-17 19:50:15,815 ERROR:Logging.log_exception() takes 2 positional arguments but 3 were given
Traceback (most recent call last):
  File "C:\Users\pyjte\Desktop\Uni_Leeds\Year 3\Final Project\repo\final-project-site-map-generator-tool\sitemap_generator\sitemap_generator\SiteScraper.py", line 169, in bfs_scraper
    website_req_result = self._crawling_session.get(current_node['url'], allow_redirects=True, timeout=5)
                         ^^^^^^^^^^^^^^^^^^^^^^^^^^^^^^^^^^^^^^^^^^^^^^^^^^^^^^^^^^^^^^^^^^^^^^^^^^^^^^^^
  File "C:\Users\pyjte\AppData\Local\Packages\PythonSoftwareFoundation.Python.3.11_qbz5n2kfra8p0\LocalCache\local-packages\Python311\site-packages\requests\sessions.py", line 600, in get
    return self.request("GET", url, **kwargs)
           ^^^^^^^^^^^^^^^^^^^^^^^^^^^^^^^^^^
  File "C:\Users\pyjte\AppData\Local\Packages\PythonSoftwareFoundation.Python.3.11_qbz5n2kfra8p0\LocalCache\local-packages\Python311\site-packages\requests\sessions.py", line 587, in request
    resp = self.send(prep, **send_kwargs)
           ^^^^^^^^^^^^^^^^^^^^^^^^^^^^^^
  File "C:\Users\pyjte\AppData\Local\Packages\PythonSoftwareFoundation.Python.3.11_qbz5n2kfra8p0\LocalCache\local-packages\Python311\site-packages\requests\sessions.py", line 723, in send
    history = [resp for resp in gen]
              ^^^^^^^^^^^^^^^^^^^^^^
  File "C:\Users\pyjte\AppData\Local\Packages\PythonSoftwareFoundation.Python.3.11_qbz5n2kfra8p0\LocalCache\local-packages\Python311\site-packages\requests\sessions.py", line 723, in <listcomp>
    history = [resp for resp in gen]
              ^^^^^^^^^^^^^^^^^^^^^^
  File "C:\Users\pyjte\AppData\Local\Packages\PythonSoftwareFoundation.Python.3.11_qbz5n2kfra8p0\LocalCache\local-packages\Python311\site-packages\requests\sessions.py", line 191, in resolve_redirects
    raise TooManyRedirects(
requests.exceptions.TooManyRedirects: Exceeded 3 redirects.

During handling of the above exception, another exception occurred:

Traceback (most recent call last):
  File "C:\Users\pyjte\Desktop\Uni_Leeds\Year 3\Final Project\repo\final-project-site-map-generator-tool\sitemap_generator\sitemap_generator\SiteScraper.py", line 177, in bfs_scraper
    self._logs.log_exception("TOO MANY REDIRECTS: ", current_node['url'])
TypeError: Logging.log_exception() takes 2 positional arguments but 3 were given
2023-04-17 19:50:16,020 DEBUG:read 'C:/Users/pyjte/Desktop/Uni_Leeds/Year 3/Final Project/repo/final-project-site-map-generator-tool/sitemap_generator/sitemap_generator/static/graphviz-output/crawler-test17042023195002-tree-graph.gv' with encoding 'utf-8'
2023-04-17 19:50:16,021 DEBUG:.save(skip_existing=None) skip writing Source.from_file('C:/Users/pyjte/Desktop/Uni_Leeds/Year 3/Final Project/repo/final-project-site-map-generator-tool/sitemap_generator/sitemap_generator/static/graphviz-output/crawler-test17042023195002-tree-graph.gv')
2023-04-17 19:50:16,021 DEBUG:os.makedirs('C:\\Users\\pyjte\\Desktop\\Uni_Leeds\\Year 3\\Final Project\\repo\\final-project-site-map-generator-tool\\sitemap_generator\\sitemap_generator/static/images')
2023-04-17 19:50:16,021 DEBUG:write lines to 'C:\\Users\\pyjte\\Desktop\\Uni_Leeds\\Year 3\\Final Project\\repo\\final-project-site-map-generator-tool\\sitemap_generator\\sitemap_generator/static/images/crawler-test17042023195002-diagram'
2023-04-17 19:50:16,024 DEBUG:run [WindowsPath('dot'), '-Kdot', '-Tsvg', '-O', 'crawler-test17042023195002-diagram']
2023-04-17 19:50:16,243 ERROR:Internal Server Error: /scrap/
Traceback (most recent call last):
  File "C:\Users\pyjte\AppData\Local\Packages\PythonSoftwareFoundation.Python.3.11_qbz5n2kfra8p0\LocalCache\local-packages\Python311\site-packages\django\core\handlers\exception.py", line 56, in inner
    response = get_response(request)
               ^^^^^^^^^^^^^^^^^^^^^
  File "C:\Users\pyjte\AppData\Local\Packages\PythonSoftwareFoundation.Python.3.11_qbz5n2kfra8p0\LocalCache\local-packages\Python311\site-packages\django\core\handlers\base.py", line 197, in _get_response
    response = wrapped_callback(request, *callback_args, **callback_kwargs)
               ^^^^^^^^^^^^^^^^^^^^^^^^^^^^^^^^^^^^^^^^^^^^^^^^^^^^^^^^^^^^
  File "C:\Users\pyjte\Desktop\Uni_Leeds\Year 3\Final Project\repo\final-project-site-map-generator-tool\sitemap_generator\sitemap_generator\views.py", line 73, in scrap
    links = ss1.bfs_scraper()
            ^^^^^^^^^^^^^^^^^
  File "C:\Users\pyjte\Desktop\Uni_Leeds\Year 3\Final Project\repo\final-project-site-map-generator-tool\sitemap_generator\sitemap_generator\SiteScraper.py", line 298, in bfs_scraper
    self._logs.log_info("ROBOT.TXT EXLUDED LINKS NO: ", int(excluded_no))
TypeError: Logging.log_info() takes 2 positional arguments but 3 were given
2023-04-17 20:03:41,721 INFO:C:\Users\pyjte\Desktop\Uni_Leeds\Year 3\Final Project\repo\final-project-site-map-generator-tool\sitemap_generator\sitemap_generator\SiteScraper.py changed, reloading.
